# JRE version: Java(TM) SE Runtime Environment (8.0_121-b13) (build 1.8.0_121-b13)
# Java VM: Java HotSpot(TM) 64-Bit Server VM (25.121-b13 mixed mode bsd-amd64 compressed oops)
Heap:
 PSYoungGen      total 919552K, used 919539K [0x000000076ab00000, 0x00000007c0000000, 0x00000007c0000000)
  eden space 660992K, 100% used [0x000000076ab00000,0x0000000793080000,0x0000000793080000)
  from space 258560K, 99% used [0x0000000793080000,0x00000007a2cfcd50,0x00000007a2d00000)
  to   space 435712K, 99% used [0x00000007a5680000,0x00000007bff983d0,0x00000007c0000000)
 ParOldGen       total 1556480K, used 1563328K [0x00000006c0000000, 0x000000071f000000, 0x000000076ab00000)
  object space 1556480K, 100% used [0x00000006c0000000,0x000000071f6b01c0,0x000000071f000000)
 Metaspace       used 12538K, capacity 12800K, committed 13056K, reserved 1060864K
  class space    used 1427K, capacity 1524K, committed 1536K, reserved 1048576K
GC Heap History (10 events):
Event: 26.761 GC heap after
Heap after GC invocations=21 (full 7):
 PSYoungGen      total 527360K, used 0K [0x000000076ab00000, 0x00000007a8500000, 0x00000007c0000000)
  eden space 486912K, 0% used [0x000000076ab00000,0x000000076ab00000,0x0000000788680000)
  from space 40448K, 0% used [0x0000000793b00000,0x0000000793b00000,0x0000000796280000)
  to   space 184832K, 0% used [0x0000000788680000,0x0000000788680000,0x0000000793b00000)
 ParOldGen       total 1536000K, used 722395K [0x00000006c0000000, 0x000000071dc00000, 0x000000076ab00000)
  object space 1536000K, 47% used [0x00000006c0000000,0x00000006ec176c40,0x000000071dc00000)
 Metaspace       used 12100K, capacity 12328K, committed 12544K, reserved 1060864K
  class space    used 1385K, capacity 1454K, committed 1536K, reserved 1048576K
}
Event: 29.346 GC heap before
{Heap before GC invocations=22 (full 7):
 PSYoungGen      total 527360K, used 486912K [0x000000076ab00000, 0x00000007a8500000, 0x00000007c0000000)
  eden space 486912K, 100% used [0x000000076ab00000,0x0000000788680000,0x0000000788680000)
  from space 40448K, 0% used [0x0000000793b00000,0x0000000793b00000,0x0000000796280000)
  to   space 184832K, 0% used [0x0000000788680000,0x0000000788680000,0x0000000793b00000)
 ParOldGen       total 1536000K, used 722583K [0x00000006c0000000, 0x000000071dc00000, 0x000000076ab00000)
  object space 1536000K, 47% used [0x00000006c0000000,0x00000006ec1a5e40,0x000000071dc00000)
 Metaspace       used 12168K, capacity 12396K, committed 12544K, reserved 1060864K
  class space    used 1385K, capacity 1454K, committed 1536K, reserved 1048576K
Event: 29.487 GC heap after
Heap after GC invocations=22 (full 7):
 PSYoungGen      total 671744K, used 183837K [0x000000076ab00000, 0x00000007b0280000, 0x00000007c0000000)
  eden space 486912K, 0% used [0x000000076ab00000,0x000000076ab00000,0x0000000788680000)
  from space 184832K, 99% used [0x0000000788680000,0x0000000793a075d0,0x0000000793b00000)
  to   space 218624K, 0% used [0x00000007a2d00000,0x00000007a2d00000,0x00000007b0280000)
 ParOldGen       total 1536000K, used 928770K [0x00000006c0000000, 0x000000071dc00000, 0x000000076ab00000)
  object space 1536000K, 60% used [0x00000006c0000000,0x00000006f8b00918,0x000000071dc00000)
 Metaspace       used 12168K, capacity 12396K, committed 12544K, reserved 1060864K
  class space    used 1385K, capacity 1454K, committed 1536K, reserved 1048576K
}
Event: 40.174 GC heap before
{Heap before GC invocations=23 (full 7):
 PSYoungGen      total 671744K, used 556773K [0x000000076ab00000, 0x00000007b0280000, 0x00000007c0000000)
  eden space 486912K, 76% used [0x000000076ab00000,0x0000000781731ff8,0x0000000788680000)
  from space 184832K, 99% used [0x0000000788680000,0x0000000793a075d0,0x0000000793b00000)
  to   space 218624K, 0% used [0x00000007a2d00000,0x00000007a2d00000,0x00000007b0280000)
 ParOldGen       total 1536000K, used 928770K [0x00000006c0000000, 0x000000071dc00000, 0x000000076ab00000)
  object space 1536000K, 60% used [0x00000006c0000000,0x00000006f8b00918,0x000000071dc00000)
 Metaspace       used 12190K, capacity 12404K, committed 12544K, reserved 1060864K
  class space    used 1386K, capacity 1456K, committed 1536K, reserved 1048576K
Event: 40.313 GC heap after
Heap after GC invocations=23 (full 7):
 PSYoungGen      total 879616K, used 218108K [0x000000076ab00000, 0x00000007b5080000, 0x00000007c0000000)
  eden space 660992K, 0% used [0x000000076ab00000,0x000000076ab00000,0x0000000793080000)
  from space 218624K, 99% used [0x00000007a2d00000,0x00000007b01ff2e0,0x00000007b0280000)
  to   space 258560K, 0% used [0x0000000793080000,0x0000000793080000,0x00000007a2d00000)
 ParOldGen       total 1536000K, used 1004793K [0x00000006c0000000, 0x000000071dc00000, 0x000000076ab00000)
  object space 1536000K, 65% used [0x00000006c0000000,0x00000006fd53e790,0x000000071dc00000)
 Metaspace       used 12190K, capacity 12404K, committed 12544K, reserved 1060864K
  class space    used 1386K, capacity 1456K, committed 1536K, reserved 1048576K
}
Event: 40.313 GC heap before
{Heap before GC invocations=24 (full 8):
 PSYoungGen      total 879616K, used 218108K [0x000000076ab00000, 0x00000007b5080000, 0x00000007c0000000)
  eden space 660992K, 0% used [0x000000076ab00000,0x000000076ab00000,0x0000000793080000)
  from space 218624K, 99% used [0x00000007a2d00000,0x00000007b01ff2e0,0x00000007b0280000)
  to   space 258560K, 0% used [0x0000000793080000,0x0000000793080000,0x00000007a2d00000)
 ParOldGen       total 1536000K, used 1004793K [0x00000006c0000000, 0x000000071dc00000, 0x000000076ab00000)
  object space 1536000K, 65% used [0x00000006c0000000,0x00000006fd53e790,0x000000071dc00000)
 Metaspace       used 12190K, capacity 12404K, committed 12544K, reserved 1060864K
  class space    used 1386K, capacity 1456K, committed 1536K, reserved 1048576K
Event: 40.414 GC heap after
Heap after GC invocations=24 (full 8):
 PSYoungGen      total 879616K, used 0K [0x000000076ab00000, 0x00000007b5080000, 0x00000007c0000000)
  eden space 660992K, 0% used [0x000000076ab00000,0x000000076ab00000,0x0000000793080000)
  from space 218624K, 0% used [0x00000007a2d00000,0x00000007a2d00000,0x00000007b0280000)
  to   space 258560K, 0% used [0x0000000793080000,0x0000000793080000,0x00000007a2d00000)
 ParOldGen       total 1536000K, used 641456K [0x00000006c0000000, 0x000000071dc00000, 0x000000076ab00000)
  object space 1536000K, 41% used [0x00000006c0000000,0x00000006e726c278,0x000000071dc00000)
 Metaspace       used 12190K, capacity 12404K, committed 12544K, reserved 1060864K
  class space    used 1386K, capacity 1456K, committed 1536K, reserved 1048576K
}
Event: 46.803 GC heap before
{Heap before GC invocations=25 (full 8):
 PSYoungGen      total 879616K, used 660992K [0x000000076ab00000, 0x00000007b5080000, 0x00000007c0000000)
  eden space 660992K, 100% used [0x000000076ab00000,0x0000000793080000,0x0000000793080000)
  from space 218624K, 0% used [0x00000007a2d00000,0x00000007a2d00000,0x00000007b0280000)
  to   space 258560K, 0% used [0x0000000793080000,0x0000000793080000,0x00000007a2d00000)
 ParOldGen       total 1536000K, used 641461K [0x00000006c0000000, 0x000000071dc00000, 0x000000076ab00000)
  object space 1536000K, 41% used [0x00000006c0000000,0x00000006e726d4c0,0x000000071dc00000)
 Metaspace       used 12526K, capacity 12800K, committed 13056K, reserved 1060864K
  class space    used 1427K, capacity 1524K, committed 1536K, reserved 1048576K
Event: 47.191 GC heap after
Heap after GC invocations=25 (full 8):
 PSYoungGen      total 919552K, used 258547K [0x000000076ab00000, 0x00000007c0000000, 0x00000007c0000000)
  eden space 660992K, 0% used [0x000000076ab00000,0x000000076ab00000,0x0000000793080000)
  from space 258560K, 99% used [0x0000000793080000,0x00000007a2cfcd50,0x00000007a2d00000)
  to   space 435712K, 0% used [0x00000007a5680000,0x00000007a5680000,0x00000007c0000000)
 ParOldGen       total 1536000K, used 993539K [0x00000006c0000000, 0x000000071dc00000, 0x000000076ab00000)
  object space 1536000K, 64% used [0x00000006c0000000,0x00000006fca40d20,0x000000071dc00000)
 Metaspace       used 12526K, capacity 12800K, committed 13056K, reserved 1060864K
  class space    used 1427K, capacity 1524K, committed 1536K, reserved 1048576K
}
Event: 51.303 GC heap before
{Heap before GC invocations=26 (full 8):
 PSYoungGen      total 919552K, used 919539K [0x000000076ab00000, 0x00000007c0000000, 0x00000007c0000000)
  eden space 660992K, 100% used [0x000000076ab00000,0x0000000793080000,0x0000000793080000)
  from space 258560K, 99% used [0x0000000793080000,0x00000007a2cfcd50,0x00000007a2d00000)
  to   space 435712K, 0% used [0x00000007a5680000,0x00000007a5680000,0x00000007c0000000)
 ParOldGen       total 1536000K, used 993539K [0x00000006c0000000, 0x000000071dc00000, 0x000000076ab00000)
  object space 1536000K, 64% used [0x00000006c0000000,0x00000006fca40d20,0x000000071dc00000)
 Metaspace       used 12538K, capacity 12800K, committed 13056K, reserved 1060864K
  class space    used 1427K, capacity 1524K, committed 1536K, reserved 1048576K

