# JRE version: Java(TM) SE Runtime Environment (8.0_121-b13) (build 1.8.0_121-b13)
# Java VM: Java HotSpot(TM) 64-Bit Server VM (25.121-b13 mixed mode bsd-amd64 compressed oops)
Heap:
 PSYoungGen      total 74752K, used 25794K [0x000000076ab00000, 0x0000000770e80000, 0x00000007c0000000)
  eden space 64000K, 24% used [0x000000076ab00000,0x000000076ba9aa48,0x000000076e980000)
  from space 10752K, 91% used [0x000000076eb00000,0x000000076f4960f8,0x000000076f580000)
  to   space 18944K, 0% used [0x000000076fc00000,0x000000076fc00000,0x0000000770e80000)
 ParOldGen       total 175104K, used 9072K [0x00000006c0000000, 0x00000006cab00000, 0x000000076ab00000)
  object space 175104K, 5% used [0x00000006c0000000,0x00000006c08dc100,0x00000006cab00000)
 Metaspace       used 13355K, capacity 13632K, committed 13696K, reserved 1060864K
  class space    used 1514K, capacity 1605K, committed 1664K, reserved 1048576K
GC Heap History (10 events):
Event: 4.713 GC heap before
{Heap before GC invocations=1 (full 0):
 PSYoungGen      total 76288K, used 65536K [0x000000076ab00000, 0x0000000770000000, 0x00000007c0000000)
  eden space 65536K, 100% used [0x000000076ab00000,0x000000076eb00000,0x000000076eb00000)
  from space 10752K, 0% used [0x000000076f580000,0x000000076f580000,0x0000000770000000)
  to   space 10752K, 0% used [0x000000076eb00000,0x000000076eb00000,0x000000076f580000)
 ParOldGen       total 175104K, used 0K [0x00000006c0000000, 0x00000006cab00000, 0x000000076ab00000)
  object space 175104K, 0% used [0x00000006c0000000,0x00000006c0000000,0x00000006cab00000)
 Metaspace       used 12629K, capacity 12880K, committed 13056K, reserved 1060864K
  class space    used 1466K, capacity 1533K, committed 1536K, reserved 1048576K
Event: 4.721 GC heap after
Heap after GC invocations=1 (full 0):
 PSYoungGen      total 76288K, used 10743K [0x000000076ab00000, 0x0000000770000000, 0x00000007c0000000)
  eden space 65536K, 0% used [0x000000076ab00000,0x000000076ab00000,0x000000076eb00000)
  from space 10752K, 99% used [0x000000076eb00000,0x000000076f57dce8,0x000000076f580000)
  to   space 10752K, 0% used [0x000000076f580000,0x000000076f580000,0x0000000770000000)
 ParOldGen       total 175104K, used 9040K [0x00000006c0000000, 0x00000006cab00000, 0x000000076ab00000)
  object space 175104K, 5% used [0x00000006c0000000,0x00000006c08d4100,0x00000006cab00000)
 Metaspace       used 12629K, capacity 12880K, committed 13056K, reserved 1060864K
  class space    used 1466K, capacity 1533K, committed 1536K, reserved 1048576K
}
Event: 8.634 GC heap before
{Heap before GC invocations=2 (full 0):
 PSYoungGen      total 76288K, used 76279K [0x000000076ab00000, 0x0000000770000000, 0x00000007c0000000)
  eden space 65536K, 100% used [0x000000076ab00000,0x000000076eb00000,0x000000076eb00000)
  from space 10752K, 99% used [0x000000076eb00000,0x000000076f57dce8,0x000000076f580000)
  to   space 10752K, 0% used [0x000000076f580000,0x000000076f580000,0x0000000770000000)
 ParOldGen       total 175104K, used 9040K [0x00000006c0000000, 0x00000006cab00000, 0x000000076ab00000)
  object space 175104K, 5% used [0x00000006c0000000,0x00000006c08d4100,0x00000006cab00000)
 Metaspace       used 13025K, capacity 13248K, committed 13440K, reserved 1060864K
  class space    used 1512K, capacity 1605K, committed 1664K, reserved 1048576K
Event: 8.640 GC heap after
Heap after GC invocations=2 (full 0):
 PSYoungGen      total 76288K, used 7353K [0x000000076ab00000, 0x0000000770000000, 0x00000007c0000000)
  eden space 65536K, 0% used [0x000000076ab00000,0x000000076ab00000,0x000000076eb00000)
  from space 10752K, 68% used [0x000000076f580000,0x000000076fcae6a8,0x0000000770000000)
  to   space 10752K, 0% used [0x000000076eb00000,0x000000076eb00000,0x000000076f580000)
 ParOldGen       total 175104K, used 9048K [0x00000006c0000000, 0x00000006cab00000, 0x000000076ab00000)
  object space 175104K, 5% used [0x00000006c0000000,0x00000006c08d6100,0x00000006cab00000)
 Metaspace       used 13025K, capacity 13248K, committed 13440K, reserved 1060864K
  class space    used 1512K, capacity 1605K, committed 1664K, reserved 1048576K
}
Event: 13.328 GC heap before
{Heap before GC invocations=3 (full 0):
 PSYoungGen      total 76288K, used 72889K [0x000000076ab00000, 0x0000000770000000, 0x00000007c0000000)
  eden space 65536K, 100% used [0x000000076ab00000,0x000000076eb00000,0x000000076eb00000)
  from space 10752K, 68% used [0x000000076f580000,0x000000076fcae6a8,0x0000000770000000)
  to   space 10752K, 0% used [0x000000076eb00000,0x000000076eb00000,0x000000076f580000)
 ParOldGen       total 175104K, used 9048K [0x00000006c0000000, 0x00000006cab00000, 0x000000076ab00000)
  object space 175104K, 5% used [0x00000006c0000000,0x00000006c08d6100,0x00000006cab00000)
 Metaspace       used 13107K, capacity 13376K, committed 13440K, reserved 1060864K
  class space    used 1513K, capacity 1605K, committed 1664K, reserved 1048576K
Event: 13.331 GC heap after
Heap after GC invocations=3 (full 0):
 PSYoungGen      total 76288K, used 6908K [0x000000076ab00000, 0x0000000770000000, 0x00000007c0000000)
  eden space 65536K, 0% used [0x000000076ab00000,0x000000076ab00000,0x000000076eb00000)
  from space 10752K, 64% used [0x000000076eb00000,0x000000076f1bf378,0x000000076f580000)
  to   space 10752K, 0% used [0x000000076f580000,0x000000076f580000,0x0000000770000000)
 ParOldGen       total 175104K, used 9056K [0x00000006c0000000, 0x00000006cab00000, 0x000000076ab00000)
  object space 175104K, 5% used [0x00000006c0000000,0x00000006c08d8100,0x00000006cab00000)
 Metaspace       used 13107K, capacity 13376K, committed 13440K, reserved 1060864K
  class space    used 1513K, capacity 1605K, committed 1664K, reserved 1048576K
}
Event: 17.939 GC heap before
{Heap before GC invocations=4 (full 0):
 PSYoungGen      total 76288K, used 72444K [0x000000076ab00000, 0x0000000770000000, 0x00000007c0000000)
  eden space 65536K, 100% used [0x000000076ab00000,0x000000076eb00000,0x000000076eb00000)
  from space 10752K, 64% used [0x000000076eb00000,0x000000076f1bf378,0x000000076f580000)
  to   space 10752K, 0% used [0x000000076f580000,0x000000076f580000,0x0000000770000000)
 ParOldGen       total 175104K, used 9056K [0x00000006c0000000, 0x00000006cab00000, 0x000000076ab00000)
  object space 175104K, 5% used [0x00000006c0000000,0x00000006c08d8100,0x00000006cab00000)
 Metaspace       used 13223K, capacity 13440K, committed 13696K, reserved 1060864K
  class space    used 1514K, capacity 1605K, committed 1664K, reserved 1048576K
Event: 17.943 GC heap after
Heap after GC invocations=4 (full 0):
 PSYoungGen      total 76288K, used 7663K [0x000000076ab00000, 0x0000000770000000, 0x00000007c0000000)
  eden space 65536K, 0% used [0x000000076ab00000,0x000000076ab00000,0x000000076eb00000)
  from space 10752K, 71% used [0x000000076f580000,0x000000076fcfbda8,0x0000000770000000)
  to   space 10752K, 0% used [0x000000076eb00000,0x000000076eb00000,0x000000076f580000)
 ParOldGen       total 175104K, used 9064K [0x00000006c0000000, 0x00000006cab00000, 0x000000076ab00000)
  object space 175104K, 5% used [0x00000006c0000000,0x00000006c08da100,0x00000006cab00000)
 Metaspace       used 13223K, capacity 13440K, committed 13696K, reserved 1060864K
  class space    used 1514K, capacity 1605K, committed 1664K, reserved 1048576K
}
Event: 20.731 GC heap before
{Heap before GC invocations=5 (full 0):
 PSYoungGen      total 76288K, used 73199K [0x000000076ab00000, 0x0000000770000000, 0x00000007c0000000)
  eden space 65536K, 100% used [0x000000076ab00000,0x000000076eb00000,0x000000076eb00000)
  from space 10752K, 71% used [0x000000076f580000,0x000000076fcfbda8,0x0000000770000000)
  to   space 10752K, 0% used [0x000000076eb00000,0x000000076eb00000,0x000000076f580000)
 ParOldGen       total 175104K, used 9064K [0x00000006c0000000, 0x00000006cab00000, 0x000000076ab00000)
  object space 175104K, 5% used [0x00000006c0000000,0x00000006c08da100,0x00000006cab00000)
 Metaspace       used 13348K, capacity 13568K, committed 13696K, reserved 1060864K
  class space    used 1514K, capacity 1605K, committed 1664K, reserved 1048576K
Event: 20.736 GC heap after
Heap after GC invocations=5 (full 0):
 PSYoungGen      total 74752K, used 9816K [0x000000076ab00000, 0x0000000770e80000, 0x00000007c0000000)
  eden space 64000K, 0% used [0x000000076ab00000,0x000000076ab00000,0x000000076e980000)
  from space 10752K, 91% used [0x000000076eb00000,0x000000076f4960f8,0x000000076f580000)
  to   space 18944K, 0% used [0x000000076fc00000,0x000000076fc00000,0x0000000770e80000)
 ParOldGen       total 175104K, used 9072K [0x00000006c0000000, 0x00000006cab00000, 0x000000076ab00000)
  object space 175104K, 5% used [0x00000006c0000000,0x00000006c08dc100,0x00000006cab00000)
 Metaspace       used 13348K, capacity 13568K, committed 13696K, reserved 1060864K
  class space    used 1514K, capacity 1605K, committed 1664K, reserved 1048576K
}

